<?xml version="1.0" encoding="UTF-8"?>
<testng-results skipped="0" failed="0" ignored="0" total="1" passed="1">
  <reporter-output>
  </reporter-output>
  <suite name="InetBankingV1" duration-ms="17526" started-at="2021-01-22T08:58:07 IST" finished-at="2021-01-22T08:58:25 IST">
    <groups>
    </groups>
    <test name="loginTest" duration-ms="17526" started-at="2021-01-22T08:58:07 IST" finished-at="2021-01-22T08:58:25 IST">
      <class name="com.inetbanking.testcases.TC_LoginTest_001">
        <test-method status="PASS" signature="setUp(java.lang.String)[pri:0, instance:com.inetbanking.testcases.TC_LoginTest_001@6093dd95]" name="setUp" is-config="true" duration-ms="6928" started-at="2021-01-22T08:58:07 IST" finished-at="2021-01-22T08:58:14 IST">
          <params>
            <param index="0">
              <value>
                <![CDATA[chrome]]>
              </value>
            </param>
          </params>
          <reporter-output>
          </reporter-output>
        </test-method> <!-- setUp -->
        <test-method status="PASS" signature="loginTest()[pri:0, instance:com.inetbanking.testcases.TC_LoginTest_001@6093dd95]" name="loginTest" duration-ms="9303" started-at="2021-01-22T08:58:14 IST" finished-at="2021-01-22T08:58:24 IST">
          <reporter-output>
          </reporter-output>
        </test-method> <!-- loginTest -->
        <test-method status="PASS" signature="tearDown()[pri:0, instance:com.inetbanking.testcases.TC_LoginTest_001@6093dd95]" name="tearDown" is-config="true" duration-ms="1253" started-at="2021-01-22T08:58:24 IST" finished-at="2021-01-22T08:58:25 IST">
          <reporter-output>
          </reporter-output>
        </test-method> <!-- tearDown -->
      </class> <!-- com.inetbanking.testcases.TC_LoginTest_001 -->
    </test> <!-- loginTest -->
  </suite> <!-- InetBankingV1 -->
</testng-results>
